<?xml version="1.0" encoding="UTF-8"?>
<!-- Generated by org.testng.reporters.JUnitXMLReporter -->
<testsuite hostname="kgurindagunta-lp" ignored="0" name="AdaptiveRetail Test" tests="4" failures="0" timestamp="2022-12-24T12:13:44 IST" time="78.062" errors="0">
  <testcase name="login on [LoginTest passed=0 failed=0 skipped=0]" time="3.016" classname="com.AdaptiveRetail.TestCases.LoginTest"/>
  <testcase name="verifyPersonalInfo on [PersonalinfoTest passed=0 failed=0 skipped=0]" time="5.621" classname="com.AdaptiveRetail.TestCases.PersonalinfoTest"/>
  <testcase name="checkboxTest on [CommunicationPreferenceTest passed=0 failed=0 skipped=0]" time="17.003" classname="com.AdaptiveRetail.TestCases.CommunicationPreferenceTest"/>
  <testcase name="paymentTest on [PaymerntMethodTest passed=0 failed=0 skipped=0]" time="9.48" classname="com.AdaptiveRetail.TestCases.PaymerntMethodTest"/>
</testsuite> <!-- AdaptiveRetail Test -->
