<?xml version="1.0" encoding="UTF-8"?>
<!-- Generated by org.testng.reporters.JUnitXMLReporter -->
<testsuite hostname="kgurindagunta-lp" ignored="0" name="AdaptiveRetail Test1" tests="4" failures="0" timestamp="2022-12-24T12:14:57 IST" time="72.073" errors="0">
  <testcase name="login on [LoginTest passed=0 failed=0 skipped=0]" time="3.253" classname="com.AdaptiveRetail.TestCases.LoginTest"/>
  <testcase name="verifyPersonalInfo on [PersonalinfoTest passed=0 failed=0 skipped=0]" time="5.326" classname="com.AdaptiveRetail.TestCases.PersonalinfoTest"/>
  <testcase name="checkboxTest on [CommunicationPreferenceTest passed=0 failed=0 skipped=0]" time="16.965" classname="com.AdaptiveRetail.TestCases.CommunicationPreferenceTest"/>
  <testcase name="paymentTest on [PaymerntMethodTest passed=0 failed=0 skipped=0]" time="11.269" classname="com.AdaptiveRetail.TestCases.PaymerntMethodTest"/>
</testsuite> <!-- AdaptiveRetail Test1 -->
