<?xml version="1.0" encoding="UTF-8"?>
<!-- Generated by org.testng.reporters.JUnitXMLReporter -->
<testsuite ignored="0" hostname="kgurindagunta-lp" failures="0" tests="4" name="AdaptiveRetail Test1" time="86.084" errors="0" timestamp="2023-01-17T18:51:45 IST">
  <testcase classname="com.AdaptiveRetail.TestCases.LoginTest" name="login" time="3.574"/>
  <testcase classname="com.AdaptiveRetail.TestCases.PersonalinfoTest" name="verifyPersonalInfo" time="8.59"/>
  <testcase classname="com.AdaptiveRetail.TestCases.CommunicationPreferenceTest" name="checkboxTest" time="21.98"/>
  <testcase classname="com.AdaptiveRetail.TestCases.PaymerntMethodTest" name="paymentTest" time="18.301"/>
</testsuite> <!-- AdaptiveRetail Test1 -->
