<?xml version="1.0" encoding="UTF-8"?>
<!-- Generated by org.testng.reporters.JUnitXMLReporter -->
<testsuite hostname="kgurindagunta-lp" ignored="0" name="AdaptiveRetail Test" tests="4" failures="0" timestamp="2023-01-13T17:40:30 IST" time="107.555" errors="0">
  <testcase name="login" time="5.887" classname="com.AdaptiveRetail.TestCases.LoginTest"/>
  <testcase name="verifyPersonalInfo" time="8.895" classname="com.AdaptiveRetail.TestCases.PersonalinfoTest"/>
  <testcase name="checkboxTest" time="21.732" classname="com.AdaptiveRetail.TestCases.CommunicationPreferenceTest"/>
  <testcase name="paymentTest" time="16.207" classname="com.AdaptiveRetail.TestCases.PaymerntMethodTest"/>
</testsuite> <!-- AdaptiveRetail Test -->
