<?xml version="1.0" encoding="UTF-8"?>
<!-- Generated by org.testng.reporters.JUnitXMLReporter -->
<testsuite hostname="kgurindagunta-lp" ignored="0" name="AdaptiveRetail Test1" tests="4" failures="0" timestamp="2023-01-13T17:42:09 IST" time="98.688" errors="0">
  <testcase name="login" time="5.263" classname="com.AdaptiveRetail.TestCases.LoginTest"/>
  <testcase name="verifyPersonalInfo" time="10.367" classname="com.AdaptiveRetail.TestCases.PersonalinfoTest"/>
  <testcase name="checkboxTest" time="26.214" classname="com.AdaptiveRetail.TestCases.CommunicationPreferenceTest"/>
  <testcase name="paymentTest" time="16.143" classname="com.AdaptiveRetail.TestCases.PaymerntMethodTest"/>
</testsuite> <!-- AdaptiveRetail Test1 -->
