<?xml version="1.0" encoding="UTF-8"?>
<testng-results ignored="0" total="8" passed="8" failed="0" skipped="0">
  <reporter-output>
  </reporter-output>
  <suite started-at="2023-01-17T18:48:44 IST" name="AdaptiveRetail test" finished-at="2023-01-17T18:51:45 IST" duration-ms="180701">
    <groups>
    </groups>
    <test started-at="2023-01-17T18:48:44 IST" name="AdaptiveRetail Test" finished-at="2023-01-17T18:50:18 IST" duration-ms="94195">
      <class name="com.AdaptiveRetail.TestCases.CommunicationPreferenceTest">
        <test-method is-config="true" signature="setup(java.lang.String)[pri:0, instance:com.AdaptiveRetail.TestCases.CommunicationPreferenceTest@5af3afd9]" started-at="2023-01-17T18:49:21 IST" name="setup" finished-at="2023-01-17T18:49:24 IST" duration-ms="2593" status="PASS">
          <params>
            <param index="0">
              <value>
                <![CDATA[Chrome]]>
              </value>
            </param>
          </params>
          <reporter-output>
          </reporter-output>
        </test-method> <!-- setup -->
        <test-method signature="checkboxTest()[pri:0, instance:com.AdaptiveRetail.TestCases.CommunicationPreferenceTest@5af3afd9]" started-at="2023-01-17T18:49:24 IST" name="checkboxTest" finished-at="2023-01-17T18:49:44 IST" duration-ms="20437" status="PASS">
          <reporter-output>
          </reporter-output>
        </test-method> <!-- checkboxTest -->
        <test-method is-config="true" signature="tearDown()[pri:0, instance:com.AdaptiveRetail.TestCases.CommunicationPreferenceTest@5af3afd9]" started-at="2023-01-17T18:49:44 IST" name="tearDown" finished-at="2023-01-17T18:49:51 IST" duration-ms="6390" status="PASS">
          <reporter-output>
          </reporter-output>
        </test-method> <!-- tearDown -->
      </class> <!-- com.AdaptiveRetail.TestCases.CommunicationPreferenceTest -->
      <class name="com.AdaptiveRetail.TestCases.LoginTest">
        <test-method is-config="true" signature="setup(java.lang.String)[pri:0, instance:com.AdaptiveRetail.TestCases.LoginTest@3bb9a3ff]" started-at="2023-01-17T18:48:45 IST" name="setup" finished-at="2023-01-17T18:48:49 IST" duration-ms="4611" status="PASS">
          <params>
            <param index="0">
              <value>
                <![CDATA[Chrome]]>
              </value>
            </param>
          </params>
          <reporter-output>
          </reporter-output>
        </test-method> <!-- setup -->
        <test-method signature="login()[pri:0, instance:com.AdaptiveRetail.TestCases.LoginTest@3bb9a3ff]" started-at="2023-01-17T18:48:49 IST" name="login" finished-at="2023-01-17T18:48:53 IST" duration-ms="4129" status="PASS">
          <reporter-output>
          </reporter-output>
        </test-method> <!-- login -->
        <test-method is-config="true" signature="tearDown()[pri:0, instance:com.AdaptiveRetail.TestCases.LoginTest@3bb9a3ff]" started-at="2023-01-17T18:48:56 IST" name="tearDown" finished-at="2023-01-17T18:49:02 IST" duration-ms="5892" status="PASS">
          <reporter-output>
          </reporter-output>
        </test-method> <!-- tearDown -->
      </class> <!-- com.AdaptiveRetail.TestCases.LoginTest -->
      <class name="com.AdaptiveRetail.TestCases.PaymerntMethodTest">
        <test-method is-config="true" signature="setup(java.lang.String)[pri:0, instance:com.AdaptiveRetail.TestCases.PaymerntMethodTest@323b36e0]" started-at="2023-01-17T18:49:51 IST" name="setup" finished-at="2023-01-17T18:49:53 IST" duration-ms="2708" status="PASS">
          <params>
            <param index="0">
              <value>
                <![CDATA[Chrome]]>
              </value>
            </param>
          </params>
          <reporter-output>
          </reporter-output>
        </test-method> <!-- setup -->
        <test-method signature="paymentTest()[pri:0, instance:com.AdaptiveRetail.TestCases.PaymerntMethodTest@323b36e0]" started-at="2023-01-17T18:49:53 IST" name="paymentTest" finished-at="2023-01-17T18:50:11 IST" duration-ms="17673" status="PASS">
          <reporter-output>
          </reporter-output>
        </test-method> <!-- paymentTest -->
        <test-method is-config="true" signature="tearDown()[pri:0, instance:com.AdaptiveRetail.TestCases.PaymerntMethodTest@323b36e0]" started-at="2023-01-17T18:50:11 IST" name="tearDown" finished-at="2023-01-17T18:50:18 IST" duration-ms="7090" status="PASS">
          <reporter-output>
          </reporter-output>
        </test-method> <!-- tearDown -->
      </class> <!-- com.AdaptiveRetail.TestCases.PaymerntMethodTest -->
      <class name="com.AdaptiveRetail.TestCases.PersonalinfoTest">
        <test-method is-config="true" signature="setup(java.lang.String)[pri:0, instance:com.AdaptiveRetail.TestCases.PersonalinfoTest@661972b0]" started-at="2023-01-17T18:49:02 IST" name="setup" finished-at="2023-01-17T18:49:04 IST" duration-ms="2703" status="PASS">
          <params>
            <param index="0">
              <value>
                <![CDATA[Chrome]]>
              </value>
            </param>
          </params>
          <reporter-output>
          </reporter-output>
        </test-method> <!-- setup -->
        <test-method signature="verifyPersonalInfo()[pri:0, instance:com.AdaptiveRetail.TestCases.PersonalinfoTest@661972b0]" started-at="2023-01-17T18:49:04 IST" name="verifyPersonalInfo" finished-at="2023-01-17T18:49:15 IST" duration-ms="10612" status="PASS">
          <reporter-output>
          </reporter-output>
        </test-method> <!-- verifyPersonalInfo -->
        <test-method is-config="true" signature="tearDown()[pri:0, instance:com.AdaptiveRetail.TestCases.PersonalinfoTest@661972b0]" started-at="2023-01-17T18:49:15 IST" name="tearDown" finished-at="2023-01-17T18:49:21 IST" duration-ms="6129" status="PASS">
          <reporter-output>
          </reporter-output>
        </test-method> <!-- tearDown -->
      </class> <!-- com.AdaptiveRetail.TestCases.PersonalinfoTest -->
    </test> <!-- AdaptiveRetail Test -->
    <test started-at="2023-01-17T18:50:19 IST" name="AdaptiveRetail Test1" finished-at="2023-01-17T18:51:45 IST" duration-ms="86084">
      <class name="com.AdaptiveRetail.TestCases.CommunicationPreferenceTest">
        <test-method is-config="true" signature="setup(java.lang.String)[pri:0, instance:com.AdaptiveRetail.TestCases.CommunicationPreferenceTest@7e07db1f]" started-at="2023-01-17T18:50:48 IST" name="setup" finished-at="2023-01-17T18:50:50 IST" duration-ms="1699" status="PASS">
          <params>
            <param index="0">
              <value>
                <![CDATA[IE]]>
              </value>
            </param>
          </params>
          <reporter-output>
          </reporter-output>
        </test-method> <!-- setup -->
        <test-method signature="checkboxTest()[pri:0, instance:com.AdaptiveRetail.TestCases.CommunicationPreferenceTest@7e07db1f]" started-at="2023-01-17T18:50:50 IST" name="checkboxTest" finished-at="2023-01-17T18:51:12 IST" duration-ms="21980" status="PASS">
          <reporter-output>
          </reporter-output>
        </test-method> <!-- checkboxTest -->
        <test-method is-config="true" signature="tearDown()[pri:0, instance:com.AdaptiveRetail.TestCases.CommunicationPreferenceTest@7e07db1f]" started-at="2023-01-17T18:51:12 IST" name="tearDown" finished-at="2023-01-17T18:51:18 IST" duration-ms="6426" status="PASS">
          <reporter-output>
          </reporter-output>
        </test-method> <!-- tearDown -->
      </class> <!-- com.AdaptiveRetail.TestCases.CommunicationPreferenceTest -->
      <class name="com.AdaptiveRetail.TestCases.LoginTest">
        <test-method is-config="true" signature="setup(java.lang.String)[pri:0, instance:com.AdaptiveRetail.TestCases.LoginTest@3a93b025]" started-at="2023-01-17T18:50:19 IST" name="setup" finished-at="2023-01-17T18:50:20 IST" duration-ms="1522" status="PASS">
          <params>
            <param index="0">
              <value>
                <![CDATA[IE]]>
              </value>
            </param>
          </params>
          <reporter-output>
          </reporter-output>
        </test-method> <!-- setup -->
        <test-method signature="login()[pri:0, instance:com.AdaptiveRetail.TestCases.LoginTest@3a93b025]" started-at="2023-01-17T18:50:20 IST" name="login" finished-at="2023-01-17T18:50:24 IST" duration-ms="3574" status="PASS">
          <reporter-output>
          </reporter-output>
        </test-method> <!-- login -->
        <test-method is-config="true" signature="tearDown()[pri:0, instance:com.AdaptiveRetail.TestCases.LoginTest@3a93b025]" started-at="2023-01-17T18:50:26 IST" name="tearDown" finished-at="2023-01-17T18:50:32 IST" duration-ms="5961" status="PASS">
          <reporter-output>
          </reporter-output>
        </test-method> <!-- tearDown -->
      </class> <!-- com.AdaptiveRetail.TestCases.LoginTest -->
      <class name="com.AdaptiveRetail.TestCases.PaymerntMethodTest">
        <test-method is-config="true" signature="setup(java.lang.String)[pri:0, instance:com.AdaptiveRetail.TestCases.PaymerntMethodTest@1189dd52]" started-at="2023-01-17T18:51:18 IST" name="setup" finished-at="2023-01-17T18:51:20 IST" duration-ms="1671" status="PASS">
          <params>
            <param index="0">
              <value>
                <![CDATA[IE]]>
              </value>
            </param>
          </params>
          <reporter-output>
          </reporter-output>
        </test-method> <!-- setup -->
        <test-method signature="paymentTest()[pri:0, instance:com.AdaptiveRetail.TestCases.PaymerntMethodTest@1189dd52]" started-at="2023-01-17T18:51:20 IST" name="paymentTest" finished-at="2023-01-17T18:51:38 IST" duration-ms="18301" status="PASS">
          <reporter-output>
          </reporter-output>
        </test-method> <!-- paymentTest -->
        <test-method is-config="true" signature="tearDown()[pri:0, instance:com.AdaptiveRetail.TestCases.PaymerntMethodTest@1189dd52]" started-at="2023-01-17T18:51:38 IST" name="tearDown" finished-at="2023-01-17T18:51:45 IST" duration-ms="6549" status="PASS">
          <reporter-output>
          </reporter-output>
        </test-method> <!-- tearDown -->
      </class> <!-- com.AdaptiveRetail.TestCases.PaymerntMethodTest -->
      <class name="com.AdaptiveRetail.TestCases.PersonalinfoTest">
        <test-method is-config="true" signature="setup(java.lang.String)[pri:0, instance:com.AdaptiveRetail.TestCases.PersonalinfoTest@35cabb2a]" started-at="2023-01-17T18:50:32 IST" name="setup" finished-at="2023-01-17T18:50:33 IST" duration-ms="1510" status="PASS">
          <params>
            <param index="0">
              <value>
                <![CDATA[IE]]>
              </value>
            </param>
          </params>
          <reporter-output>
          </reporter-output>
        </test-method> <!-- setup -->
        <test-method signature="verifyPersonalInfo()[pri:0, instance:com.AdaptiveRetail.TestCases.PersonalinfoTest@35cabb2a]" started-at="2023-01-17T18:50:33 IST" name="verifyPersonalInfo" finished-at="2023-01-17T18:50:42 IST" duration-ms="8590" status="PASS">
          <reporter-output>
          </reporter-output>
        </test-method> <!-- verifyPersonalInfo -->
        <test-method is-config="true" signature="tearDown()[pri:0, instance:com.AdaptiveRetail.TestCases.PersonalinfoTest@35cabb2a]" started-at="2023-01-17T18:50:42 IST" name="tearDown" finished-at="2023-01-17T18:50:48 IST" duration-ms="5995" status="PASS">
          <reporter-output>
          </reporter-output>
        </test-method> <!-- tearDown -->
      </class> <!-- com.AdaptiveRetail.TestCases.PersonalinfoTest -->
    </test> <!-- AdaptiveRetail Test1 -->
  </suite> <!-- AdaptiveRetail test -->
</testng-results>
